app/build/outputs/mapping/release/seeds.txt
com.example.alex.task1anagrams.MainActivity
com.example.alex.task1anagrams.MainActivity: android.widget.TextView textView
com.example.alex.task1anagrams.MainActivity: android.widget.EditText editText
com.example.alex.task1anagrams.MainActivity: android.widget.Button button
com.example.alex.task1anagrams.MainActivity: MainActivity()
com.example.alex.task1anagrams.MainActivity: void onClick(android.view.View)
com.example.alex.task1anagrams.MainActivity_ViewBinding
com.example.alex.task1anagrams.MainActivity_ViewBinding: MainActivity_ViewBinding(com.example.alex.task1anagrams.MainActivity,android.view.View)
com.example.alex.task1anagrams.R$anim: int abc_fade_in
com.example.alex.task1anagrams.R$anim: int abc_fade_out
com.example.alex.task1anagrams.R$anim: int abc_grow_fade_in_from_bottom
com.example.alex.task1anagrams.R$anim: int abc_popup_enter
com.example.alex.task1anagrams.R$anim: int abc_popup_exit
com.example.alex.task1anagrams.R$anim: int abc_shrink_fade_out_from_bottom
com.example.alex.task1anagrams.R$anim: int abc_slide_in_bottom
com.example.alex.task1anagrams.R$anim: int abc_slide_in_top
com.example.alex.task1anagrams.R$anim: int abc_slide_out_bottom
com.example.alex.task1anagrams.R$anim: int abc_slide_out_top
com.example.alex.task1anagrams.R$anim: int tooltip_enter
com.example.alex.task1anagrams.R$anim: int tooltip_exit
com.example.alex.task1anagrams.R$attr: int actionBarDivider
com.example.alex.task1anagrams.R$attr: int actionBarItemBackground
com.example.alex.task1anagrams.R$attr: int actionBarPopupTheme
com.example.alex.task1anagrams.R$attr: int actionBarSize
com.example.alex.task1anagrams.R$attr: int actionBarSplitStyle
com.example.alex.task1anagrams.R$attr: int actionBarStyle
com.example.alex.task1anagrams.R$attr: int actionBarTabBarStyle
com.example.alex.task1anagrams.R$attr: int actionBarTabStyle
com.example.alex.task1anagrams.R$attr: int actionBarTabTextStyle
com.example.alex.task1anagrams.R$attr: int actionBarTheme
com.example.alex.task1anagrams.R$attr: int actionBarWidgetTheme
com.example.alex.task1anagrams.R$attr: int actionButtonStyle
com.example.alex.task1anagrams.R$attr: int actionDropDownStyle
com.example.alex.task1anagrams.R$attr: int actionLayout
com.example.alex.task1anagrams.R$attr: int actionMenuTextAppearance
com.example.alex.task1anagrams.R$attr: int actionMenuTextColor
com.example.alex.task1anagrams.R$attr: int actionModeBackground
com.example.alex.task1anagrams.R$attr: int actionModeCloseButtonStyle
com.example.alex.task1anagrams.R$attr: int actionModeCloseDrawable
com.example.alex.task1anagrams.R$attr: int actionModeCopyDrawable
com.example.alex.task1anagrams.R$attr: int actionModeCutDrawable
com.example.alex.task1anagrams.R$attr: int actionModeFindDrawable
com.example.alex.task1anagrams.R$attr: int actionModePasteDrawable
com.example.alex.task1anagrams.R$bool: int abc_action_bar_embed_tabs
com.example.alex.task1anagrams.R$bool: int abc_allow_stacked_button_bar
com.example.alex.task1anagrams.R$bool: int abc_config_actionMenuItemAllCaps
com.example.alex.task1anagrams.R$bool: int abc_config_closeDialogWhenTouchOutside
com.example.alex.task1anagrams.R$bool: int abc_config_showMenuShortcutsWhenKeyboardPresent
...
android.support.v4.media.RatingCompat
android.support.v4.media.RatingCompat: android.os.Parcelable$Creator CREATOR
android.support.v4.media.session.MediaControllerCompat$MediaControllerImplApi21$ExtraBinderRequestResultReceiver
android.support.v4.media.session.MediaSessionCompat$QueueItem
android.support.v4.media.session.MediaSessionCompat$QueueItem: android.os.Parcelable$Creator CREATOR
android.support.v4.media.session.MediaSessionCompat$ResultReceiverWrapper
android.support.v4.media.session.MediaSessionCompat$ResultReceiverWrapper: android.os.Parcelable$Creator CREATOR
android.support.v4.media.session.MediaSessionCompat$Token
android.support.v4.media.session.MediaSessionCompat$Token: android.os.Parcelable$Creator CREATOR
android.support.v4.media.session.ParcelableVolumeInfo
android.support.v4.media.session.ParcelableVolumeInfo: android.os.Parcelable$Creator CREATOR
android.support.v4.media.session.PlaybackStateCompat
android.support.v4.media.session.PlaybackStateCompat: android.os.Parcelable$Creator CREATOR
android.support.v4.media.session.PlaybackStateCompat$CustomAction
android.support.v4.media.session.PlaybackStateCompat$CustomAction: android.os.Parcelable$Creator CREATOR
android.support.v4.os.ResultReceiver: android.os.Parcelable$Creator CREATOR
android.support.v4.view.AbsSavedState: android.os.Parcelable$Creator CREATOR
android.support.v4.view.PagerTabStrip: void setTabIndicatorColor(int)
android.support.v4.view.PagerTabStrip: void setTabIndicatorColorResource(int)
android.support.v4.view.PagerTabStrip: int getTabIndicatorColor()
android.support.v4.view.PagerTabStrip: void setTextSpacing(int)
android.support.v4.view.PagerTabStrip: void setBackgroundDrawable(android.graphics.drawable.Drawable)
android.support.v4.view.PagerTabStrip: void setBackgroundColor(int)
android.support.v4.view.PagerTabStrip: void setBackgroundResource(int)
android.support.v4.view.PagerTabStrip: void setDrawFullUnderline(boolean)
android.support.v4.view.PagerTabStrip: boolean getDrawFullUnderline()
android.support.v4.view.PagerTabStrip: int getMinHeight()
android.support.v4.view.PagerTitleStrip: void setSingleLineAllCaps(android.widget.TextView)
android.support.v4.view.PagerTitleStrip: void setTextSpacing(int)
android.support.v4.view.PagerTitleStrip: int getTextSpacing()
android.support.v4.view.PagerTitleStrip: void setNonPrimaryAlpha(float)
android.support.v4.view.PagerTitleStrip: void setTextColor(int)
android.support.v4.view.PagerTitleStrip: void setGravity(int)
android.support.v4.view.PagerTitleStrip: int getMinHeight()
android.support.v4.view.ViewPager: void setScrollState(int)
android.support.v4.view.ViewPager: void setAdapter(android.support.v4.view.PagerAdapter)
android.support.v4.view.ViewPager: android.support.v4.view.PagerAdapter getAdapter()
android.support.v4.view.ViewPager: int getClientWidth()
android.support.v4.view.ViewPager: void setCurrentItem(int)
android.support.v4.view.ViewPager: int getCurrentItem()
android.support.v4.view.ViewPager: void setOnPageChangeListener(android.support.v4.view.ViewPager$OnPageChangeListener)
android.support.v4.view.ViewPager: int getOffscreenPageLimit()
android.support.v4.view.ViewPager: void setOffscreenPageLimit(int)
android.support.v4.view.ViewPager: void setPageMargin(int)
android.support.v4.view.ViewPager: int getPageMargin()
android.support.v4.view.ViewPager: void setPageMarginDrawable(android.graphics.drawable.Drawable)
android.support.v4.view.ViewPager: void setPageMarginDrawable(int)
android.support.v4.view.ViewPager: void setScrollingCacheEnabled(boolean)
android.support.v4.view.ViewPager$SavedState: android.os.Parcelable$Creator CREATOR