app/build/outputs/mapping/release/mapping.txt
com.example.alex.task1anagrams.MainActivity -> com.example.alex.task1anagrams.MainActivity:
    com.example.alex.task1anagrams.util.Logger LOGGER -> l
    android.widget.TextView textView -> textView
    android.widget.EditText editText -> editText
    android.widget.Button button -> button
    java.lang.String outputReverseText -> m
    com.example.alex.task1anagrams.util.ReverseWords rv -> n
    void <init>() -> <init>
    void onCreate(android.os.Bundle) -> onCreate
    void onClick(android.view.View) -> onClick
    void onSaveInstanceState(android.os.Bundle) -> onSaveInstanceState
    void <clinit>() -> <clinit>
com.example.alex.task1anagrams.MainActivity_ViewBinding -> com.example.alex.task1anagrams.MainActivity_ViewBinding:
    com.example.alex.task1anagrams.MainActivity target -> b
    android.view.View view2131165220 -> c
    void <init>(com.example.alex.task1anagrams.MainActivity,android.view.View) -> <init>
com.example.alex.task1anagrams.MainActivity_ViewBinding$1 -> com.example.alex.task1anagrams.MainActivity_ViewBinding$1:
    com.example.alex.task1anagrams.MainActivity val$target -> b
    com.example.alex.task1anagrams.MainActivity_ViewBinding this$0 -> c
    void <init>(com.example.alex.task1anagrams.MainActivity_ViewBinding,com.example.alex.task1anagrams.MainActivity) -> <init>
    void doClick(android.view.View) -> a
com.example.alex.task1anagrams.util.Logger -> com.example.alex.task1anagrams.a.a:
    java.lang.String logTag -> a
    boolean isLogging -> b
    void <init>(java.lang.Class) -> <init>
    void log(java.lang.String) -> a
com.example.alex.task1anagrams.util.ReverseWords -> com.example.alex.task1anagrams.a.b:
    com.example.alex.task1anagrams.util.Logger LOGGER -> a
    android.content.Context context -> b
    java.lang.Character FIRST_LETTER -> c
    java.lang.Character LAST_LETTER -> d
    java.lang.String KEYBOARD -> e
    void <init>(android.content.Context) -> <init>
    void checkLocale() -> a
    void checkKeyboard() -> b
    java.lang.String reverse(java.lang.String) -> a
    void <clinit>() -> <clinit>
...
android.support.v4.app.FragmentManagerImpl$AnimatorOnHWLayerIfNeededListener -> android.support.v4.a.n$d:
    android.view.View mView -> a
    void <init>(android.view.View) -> <init>
    void onAnimationStart(android.animation.Animator) -> onAnimationStart
    void onAnimationEnd(android.animation.Animator) -> onAnimationEnd
android.support.v4.app.FragmentManagerImpl$FragmentTag -> android.support.v4.a.n$e:
    int[] Fragment -> a
    void <clinit>() -> <clinit>
android.support.v4.app.FragmentManagerImpl$OpGenerator -> android.support.v4.a.n$f:
    boolean generateOps(java.util.ArrayList,java.util.ArrayList) -> a
android.support.v4.app.FragmentManagerImpl$StartEnterTransitionListener -> android.support.v4.a.n$g:
    boolean mIsBack -> a
    android.support.v4.app.BackStackRecord mRecord -> b
    int mNumPostponed -> c
    void <init>(android.support.v4.app.BackStackRecord,boolean) -> <init>
    void onStartEnterTransition() -> a
    void startListening() -> b
    boolean isReady() -> c
    void completeTransaction() -> d
    void cancelTransaction() -> e
    boolean access$300(android.support.v4.app.FragmentManagerImpl$StartEnterTransitionListener) -> a
    android.support.v4.app.BackStackRecord access$400(android.support.v4.app.FragmentManagerImpl$StartEnterTransitionListener) -> b
android.support.v4.app.FragmentManagerNonConfig -> android.support.v4.a.o:
    java.util.List mFragments -> a
    java.util.List mChildNonConfigs -> b
    void <init>(java.util.List,java.util.List) -> <init>
    java.util.List getFragments() -> a
    java.util.List getChildNonConfigs() -> b
android.support.v4.app.FragmentManagerState -> android.support.v4.a.p:
    android.support.v4.app.FragmentState[] mActive -> a
    int[] mAdded -> b
    android.support.v4.app.BackStackState[] mBackStack -> c
    int mPrimaryNavActiveIndex -> d
    int mNextFragmentIndex -> e
    android.os.Parcelable$Creator CREATOR -> CREATOR
    void <init>() -> <init>
    void <init>(android.os.Parcel) -> <init>
    int describeContents() -> describeContents
    void writeToParcel(android.os.Parcel,int) -> writeToParcel
    void <clinit>() -> <clinit>
android.support.v4.app.FragmentManagerState$1 -> android.support.v4.a.p$1:
    void <init>() -> <init>
    android.support.v4.app.FragmentManagerState createFromParcel(android.os.Parcel) -> a
    android.support.v4.app.FragmentManagerState[] newArray(int) -> a
    java.lang.Object[] newArray(int) -> newArray
    java.lang.Object createFromParcel(android.os.Parcel) -> createFromParcel
android.support.v4.app.FragmentState -> android.support.v4.a.q:
    java.lang.String mClassName -> a
    int mIndex -> b
    boolean mFromLayout -> c
    int mFragmentId -> d
    int mContainerId -> e
    java.lang.String mTag -> f
    boolean mRetainInstance -> g
    boolean mDetached -> h
    android.os.Bundle mArguments -> i
    boolean mHidden -> j
    android.os.Bundle mSavedFragmentState -> k
    android.support.v4.app.Fragment mInstance -> l
    android.os.Parcelable$Creator CREATOR -> CREATOR
    void <init>(android.support.v4.app.Fragment) -> <init>
    void <init>(android.os.Parcel) -> <init>
    android.support.v4.app.Fragment instantiate(android.support.v4.app.FragmentHostCallback,android.support.v4.app.FragmentContainer,android.support.v4.app.Fragment,android.support.v4.app.FragmentManagerNonConfig) -> a
    int describeContents() -> describeContents
    void writeToParcel(android.os.Parcel,int) -> writeToParcel
    void <clinit>() -> <clinit>
android.support.v4.app.FragmentState$1 -> android.support.v4.a.q$1:
    void <init>() -> <init>
    android.support.v4.app.FragmentState createFromParcel(android.os.Parcel) -> a
    android.support.v4.app.FragmentState[] newArray(int) -> a
    java.lang.Object[] newArray(int) -> newArray
    java.lang.Object createFromParcel(android.os.Parcel) -> createFromParcel
android.support.v4.app.FragmentTransaction -> android.support.v4.a.r:
    void <init>() -> <init>