app/build/outputs/mapping/release/usage.txt
com.example.alex.task1anagrams.BuildConfig
com.example.alex.task1anagrams.MainActivity_ViewBinding:
    23:24:public MainActivity_ViewBinding(com.example.alex.task1anagrams.MainActivity)
    47:57:public void unbind()
com.example.alex.task1anagrams.R
com.example.alex.task1anagrams.R$anim
com.example.alex.task1anagrams.R$attr
com.example.alex.task1anagrams.R$bool
com.example.alex.task1anagrams.R$color
com.example.alex.task1anagrams.R$dimen
com.example.alex.task1anagrams.R$drawable
com.example.alex.task1anagrams.R$id
com.example.alex.task1anagrams.R$integer
com.example.alex.task1anagrams.R$layout
com.example.alex.task1anagrams.R$mipmap
com.example.alex.task1anagrams.R$string
com.example.alex.task1anagrams.R$style
com.example.alex.task1anagrams.R$styleable
com.example.alex.task1anagrams.util.Logger:
    23:25:public void error(java.lang.Throwable)
...
android.support.v4.media.MediaBrowserServiceCompat$ServiceCallbacksCompat
android.support.v4.media.MediaBrowserServiceCompat$ServiceHandler
android.support.v4.media.MediaBrowserServiceCompatApi21
android.support.v4.media.MediaBrowserServiceCompatApi21$BrowserRoot
android.support.v4.media.MediaBrowserServiceCompatApi21$MediaBrowserServiceAdaptor
android.support.v4.media.MediaBrowserServiceCompatApi21$ResultWrapper
android.support.v4.media.MediaBrowserServiceCompatApi21$ServiceCompatProxy
android.support.v4.media.MediaBrowserServiceCompatApi23
android.support.v4.media.MediaBrowserServiceCompatApi23$MediaBrowserServiceAdaptor
android.support.v4.media.MediaBrowserServiceCompatApi23$ServiceCompatProxy
android.support.v4.media.MediaBrowserServiceCompatApi24
android.support.v4.media.MediaBrowserServiceCompatApi24$MediaBrowserServiceAdaptor
android.support.v4.media.MediaBrowserServiceCompatApi24$ResultWrapper
android.support.v4.media.MediaBrowserServiceCompatApi24$ServiceCompatProxy
android.support.v4.media.MediaDescriptionCompat:
    public static final java.lang.String EXTRA_BT_FOLDER_TYPE
    public static final long BT_FOLDER_TYPE_MIXED
    public static final long BT_FOLDER_TYPE_TITLES
    public static final long BT_FOLDER_TYPE_ALBUMS
    public static final long BT_FOLDER_TYPE_ARTISTS
    public static final long BT_FOLDER_TYPE_GENRES
    public static final long BT_FOLDER_TYPE_PLAYLISTS
    public static final long BT_FOLDER_TYPE_YEARS
    public static final java.lang.String EXTRA_DOWNLOAD_STATUS
    public static final long STATUS_NOT_DOWNLOADED
    public static final long STATUS_DOWNLOADING
    public static final long STATUS_DOWNLOADED
    public static final java.lang.String DESCRIPTION_KEY_MEDIA_URI
    public static final java.lang.String DESCRIPTION_KEY_NULL_BUNDLE_FLAG
    216:216:public java.lang.String getMediaId()
    226:226:public java.lang.CharSequence getTitle()
    236:236:public java.lang.CharSequence getSubtitle()
    246:246:public java.lang.CharSequence getDescription()
    256:256:public android.graphics.Bitmap getIconBitmap()
    266:266:public android.net.Uri getIconUri()
    276:276:public android.os.Bundle getExtras()
    286:286:public android.net.Uri getMediaUri()
android.support.v4.media.MediaDescriptionCompatApi21:
    26:64:MediaDescriptionCompatApi21()
android.support.v4.media.MediaDescriptionCompatApi21$Builder:
    64:64:MediaDescriptionCompatApi21$Builder()
android.support.v4.media.MediaDescriptionCompatApi23:
    23:28:MediaDescriptionCompatApi23()
android.support.v4.media.MediaDescriptionCompatApi23$Builder:
    28:28:MediaDescriptionCompatApi23$Builder()